<?xml version="1.0" encoding="UTF-8"?>
<!-- Generated by org.testng.reporters.JUnitReportReporter -->
<testsuite hostname="PradeepT-MacMini.local" name="com.demo.cucumber.CucumberDemo.CucumberRunner" tests="1" failures="0" timestamp="8 May 2017 10:44:59 GMT" time="0.183" errors="0">
  <testcase name="feature" time="0.183" classname="com.demo.cucumber.CucumberDemo.CucumberRunner"/>
</testsuite> <!-- com.demo.cucumber.CucumberDemo.CucumberRunner -->
